c:\users\david\documents\visual studio 2015\projects\testhook\dll\x64\release\dll.pch
c:\users\david\documents\visual studio 2015\projects\testhook\dll\x64\release\vc140.pdb
c:\users\david\documents\visual studio 2015\projects\testhook\dll\x64\release\stdafx.obj
c:\users\david\documents\visual studio 2015\projects\testhook\dll\x64\release\dllmain.obj
c:\users\david\documents\visual studio 2015\projects\serverpds\dll\x64\release\dll.pch
c:\users\david\documents\visual studio 2015\projects\serverpds\dll\x64\release\vc140.pdb
c:\users\david\documents\visual studio 2015\projects\serverpds\dll\x64\release\stdafx.obj
c:\users\david\documents\visual studio 2015\projects\serverpds\dll\x64\release\dllmain.obj
c:\users\david\documents\visual studio 2015\projects\serverpds\x64\release\dll.lib
c:\users\david\documents\visual studio 2015\projects\serverpds\x64\release\dll.exp
c:\users\david\documents\visual studio 2015\projects\serverpds\x64\release\dll.dll
c:\users\david\documents\visual studio 2015\projects\serverpds\x64\release\dll.ipdb
c:\users\david\documents\visual studio 2015\projects\serverpds\x64\release\dll.iobj
c:\users\david\documents\visual studio 2015\projects\serverpds\x64\release\dll.pdb
c:\users\david\documents\visual studio 2015\projects\serverpds\dll\x64\release\dll.tlog\cl.command.1.tlog
c:\users\david\documents\visual studio 2015\projects\serverpds\dll\x64\release\dll.tlog\cl.read.1.tlog
c:\users\david\documents\visual studio 2015\projects\serverpds\dll\x64\release\dll.tlog\cl.write.1.tlog
c:\users\david\documents\visual studio 2015\projects\serverpds\dll\x64\release\dll.tlog\dll.write.1u.tlog
c:\users\david\documents\visual studio 2015\projects\serverpds\dll\x64\release\dll.tlog\link.command.1.tlog
c:\users\david\documents\visual studio 2015\projects\serverpds\dll\x64\release\dll.tlog\link.read.1.tlog
c:\users\david\documents\visual studio 2015\projects\serverpds\dll\x64\release\dll.tlog\link.write.1.tlog
